<html i18n-values="dir:textdirection" main-frame="" high-color-depth="" dir="ltr"><head>

<title i18n-content="title"></title>
<style>
body {
  background-color: white;
  font-family: Helvetica, Arial, sans-serif;
  margin: 0;
}

html[main-frame] body {
  background-color: #CCC;
}

/* On Android, gradient is broken due to background-attachment: fixed being
   currently disabled on Android; see crbug.com/135942 */
html[main-frame][high-color-depth] body {
  background: -webkit-linear-gradient(#CCC, #AAA);
  background-attachment: fixed;
}

html[main-frame] #cell {
padding: 40px;

}

#box {
  background-color: white;
  color: black;
  font-size: 10pt;
  line-height: 18px;
  margin: auto;
  max-width: 750px;
  min-width: 200px;
  padding: 5px;
}

html[main-frame] #box {
  border-radius: 5px;
  -webkit-box-shadow: 2px 5px 12px #555;
padding: 20px;
  width: 80%;

}

ul {
  margin: 0;
  padding-bottom: 0;
}

li {
  padding-top: 2px;
}

h1 {
  font-size: 12pt;
  line-height: 20px;
  margin: 0;
}

html[main-frame] h1 {
  font-size: 18pt;
  line-height: 30px;
}

h1 img {
  border: 0;
  float: right;
  -webkit-margin-start: 20px;
  margin-top: -4px;
}

html[dir=rtl] h1 img {
  float: left;
}

h2 {
  font-size: 10pt;
  font-weight: bold;
  margin: 0;
  padding: 0;
}

a {
  color: #00c;
}

a:active {
  color: #f00;
}

a:visited {
  color: #551a8b;
}

#errorSummary, #suggestions, #search {
  -webkit-margin-start: 3px;
  margin-top: 15px;
}

#errorDetails {
  color: #777;
  -webkit-margin-start: 3px;
  margin-top: 30px;
}

.failedUrl {
  word-wrap: break-word;
}


</style>
</head>



<body id="t" jstcache="0">
<div id="cell" jstcache="0">
 <div id="box" jstcache="0">
  <h1 jstcache="0"><span i18n-content="heading" jstcache="0">The Connection is not available</span>
  </h1>

  <div id="errorSummary" jsselect="summary" jstcache="1" style="">
   <span jsvalues=".innerHTML:msg" jstcache="4"><span jscontent="productName" jstcache="17" class="productName">The SQL Connection error occured </span><strong jscontent="hostName" jstcache="18" class="hostName"><?=SITE_NAME?></strong>. The website may be down or connection file not found.</span>
  </div>
  <div id="errorDetails" jsselect="details" jscontent="$this" jstcache="3" style="" class="$this">Error <?=SITE_NAME?> (CONN::ERR_CONNECTION_NOT_FOUND): The conneciton not found.</div>
 </div>
</div>


</body></html>